Log file open, 04/08/18 19:14:53
LogPlatformFile: Not using cached read wrapper
LogInit:Display: RandInit(-1670683576) SRandInit(-1670683576).
LogTaskGraph: Started task graph with 5 named threads and 8 total threads with 1 sets of task threads.
LogStats: Stats thread started at 0.154823
LogInit: Using libcurl 7.47.1
LogInit:  - built for x86_64-pc-win32
LogInit:  - supports SSL with OpenSSL/1.0.2g
LogInit:  - supports HTTP deflate (compression) using libz 1.2.8
LogInit:  - other features:
LogInit:      CURL_VERSION_SSL
LogInit:      CURL_VERSION_LIBZ
LogInit:      CURL_VERSION_IPV6
LogInit:      CURL_VERSION_ASYNCHDNS
LogInit:      CURL_VERSION_LARGEFILE
LogInit:      CURL_VERSION_IDN
LogInit:  CurlRequestOptions (configurable via config and command line):
LogInit:  - bVerifyPeer = false  - Libcurl will NOT verify peer certificate
LogInit:  - bUseHttpProxy = false  - Libcurl will NOT use HTTP proxy
LogInit:  - bDontReuseConnections = false  - Libcurl will reuse connections
LogInit:  - CertBundlePath = nullptr  - Libcurl will use whatever was configured at build time.
LogInit: Build: ++UE4+Release-4.16-CL-3561208
LogInit: Engine Version: 4.16.3-3561208+++UE4+Release-4.16
LogInit: Compatible Engine Version: 4.16.0-3452394+++UE4+Release-4.16
LogInit: Net CL: 3452394
LogDevObjectVersion: Number of dev versions registered: 16
LogDevObjectVersion:   Dev-Blueprints (B0D832E4-1F89-4F0D-ACCF-7EB736FD4AA2): 9
LogDevObjectVersion:   Dev-Build (E1C64328-A22C-4D53-A36C-8E866417BD8C): 0
LogDevObjectVersion:   Dev-Core (375EC13C-06E4-48FB-B500-84F0262A717E): 2
LogDevObjectVersion:   Dev-Editor (E4B068ED-F494-42E9-A231-DA0B2E46BB41): 17
LogDevObjectVersion:   Dev-Framework (CFFC743F-43B0-4480-9391-14DF171D2073): 23
LogDevObjectVersion:   Dev-Mobile (B02B49B5-BB20-44E9-A304-32B752E40360): 0
LogDevObjectVersion:   Dev-Networking (A4E4105C-59A1-49B5-A7C5-40C4547EDFEE): 0
LogDevObjectVersion:   Dev-Online (39C831C9-5AE6-47DC-9A44-9C173E1C8E7C): 0
LogDevObjectVersion:   Dev-Physics (78F01B33-EBEA-4F98-B9B4-84EACCB95AA2): 0
LogDevObjectVersion:   Dev-Platform (6631380F-2D4D-43E0-8009-CF276956A95A): 0
LogDevObjectVersion:   Dev-Rendering (12F88B9F-8875-4AFC-A67C-D90C383ABD29): 15
LogDevObjectVersion:   Dev-Sequencer (7B5AE74C-D270-4C10-A958-57980B212A5A): 4
LogDevObjectVersion:   Dev-VR (D7296918-1DD6-4BDD-9DE2-64A83CC13884): 0
LogDevObjectVersion:   Dev-LoadTimes (C2A15278-BFE7-4AFE-6C17-90FF531DF755): 1
LogDevObjectVersion:   Private-Geometry (6EACA3D4-40EC-4CC1-B786-8BED09428FC5): 1
LogDevObjectVersion:   Dev-AnimPhys (29E575DD-E0A3-4627-9D10-D276232CDCEA): 3
LogInit: Compiled (64-bit): Jul 28 2017 11:52:15
LogInit: Compiled with Visual C++: 19.00.24215.01
LogInit: Build Configuration: Development
LogInit: Branch Name: ++UE4+Release-4.16
LogInit: Command line: 
LogInit: Base directory: G:/Ball/Ball/Binaries/Win64/
LogInit: Installed Engine Build: 1
LogInit: Presizing for max 2097152 objects, including 0 objects not considered by GC, pre-allocating 0 bytes for permanent pool.
LogStreaming:Display: Async Loading initialized: Event Driven Loader: true, Async Loading Thread: false
LogInit: Object subsystem initialized
[2018.04.08-18.14.53:962][  0]LogInit: Selected Device Profile: [WindowsNoEditor]
[2018.04.08-18.14.53:962][  0]LogInit: Applying CVar settings loaded from the selected device profile: [WindowsNoEditor]
[2018.04.08-18.14.54:109][  0]LogInit: Computer: MSI
[2018.04.08-18.14.54:109][  0]LogInit: User: tomje
[2018.04.08-18.14.54:109][  0]LogInit: CPU Page size=4096, Cores=4
[2018.04.08-18.14.54:109][  0]LogInit: High frequency timer resolution =2.531251 MHz
[2018.04.08-18.14.54:109][  0]LogMemory: Memory total: Physical=15.9GB (16GB approx)
[2018.04.08-18.14.54:109][  0]LogMemory: Platform Memory Stats for WindowsNoEditor
[2018.04.08-18.14.54:109][  0]LogMemory: Process Physical Memory: 93.61 MB used, 93.61 MB peak
[2018.04.08-18.14.54:109][  0]LogMemory: Process Virtual Memory: 103.80 MB used, 103.80 MB peak
[2018.04.08-18.14.54:109][  0]LogMemory: Physical Memory: 9857.89 MB used,  6436.83 MB free, 16294.71 MB total
[2018.04.08-18.14.54:109][  0]LogMemory: Virtual Memory: 372.03 MB used,  6436.83 MB free, 134217728.00 MB total
[2018.04.08-18.14.55:800][  0]LogInit: Using OS detected language (en-US).
[2018.04.08-18.14.55:800][  0]LogInit: Using OS detected locale (en-GB).
[2018.04.08-18.14.55:800][  0]LogTextLocalizationManager: No localization for 'en-US' exists, so 'en' will be used for the language.
[2018.04.08-18.14.55:800][  0]LogTextLocalizationManager: No localization for 'en-GB' exists, so 'en' will be used for the locale.
[2018.04.08-18.14.56:210][  0]LogD3D11RHI: D3D11 adapters:
[2018.04.08-18.14.56:289][  0]LogD3D11RHI:    0. 'NVIDIA GeForce GTX 970M' (Feature Level 11_0)
[2018.04.08-18.14.56:289][  0]LogD3D11RHI:       3040/0/8147 MB DedicatedVideo/DedicatedSystem/SharedSystem, Outputs:1, VendorId:0x10de
[2018.04.08-18.14.56:495][  0]LogD3D11RHI:    1. 'Intel(R) HD Graphics 530' (Feature Level 11_0)
[2018.04.08-18.14.56:495][  0]LogD3D11RHI:       128/0/8147 MB DedicatedVideo/DedicatedSystem/SharedSystem, Outputs:0, VendorId:0x8086
[2018.04.08-18.14.56:502][  0]LogD3D11RHI:    2. 'Microsoft Basic Render Driver' (Feature Level 11_0)
[2018.04.08-18.14.56:502][  0]LogD3D11RHI:       0/0/8147 MB DedicatedVideo/DedicatedSystem/SharedSystem, Outputs:0, VendorId:0x1414
[2018.04.08-18.14.56:502][  0]LogD3D11RHI: Chosen D3D11 Adapter: 0
[2018.04.08-18.14.56:522][  0]LogD3D11RHI: Creating new Direct3DDevice
[2018.04.08-18.14.56:522][  0]LogD3D11RHI:     GPU DeviceId: 0x13d8 (for the marketing name, search the web for "GPU Device Id")
[2018.04.08-18.14.56:523][  0]LogWindows: EnumDisplayDevices:
[2018.04.08-18.14.56:523][  0]LogWindows:    0. 'Intel(R) HD Graphics 530' (P:1 D:1)
[2018.04.08-18.14.56:523][  0]LogWindows:    1. 'Intel(R) HD Graphics 530' (P:0 D:0)
[2018.04.08-18.14.56:523][  0]LogWindows:    2. 'Intel(R) HD Graphics 530' (P:0 D:0)
[2018.04.08-18.14.56:523][  0]LogWindows: DebugString: GetVideoDriverDetailsInvalid PrimaryIsNotTheChoosenAdapter GetVideoDriverDetailsInvalid PrimaryIsNotTheChoosenAdapter GetVideoDriverDetailsInvalid PrimaryIsNotTheChoosenAdapter FoundDriverCount:0 
[2018.04.08-18.14.56:523][  0]LogD3D11RHI:     Adapter Name: NVIDIA GeForce GTX 970M
[2018.04.08-18.14.56:523][  0]LogD3D11RHI:   Driver Version: Unknown (internal:Unknown, unified:Unknown)
[2018.04.08-18.14.56:523][  0]LogD3D11RHI:      Driver Date: Unknown
[2018.04.08-18.14.56:523][  0]LogRHI: Texture pool is 1361 MB (70% of 1945 MB)
[2018.04.08-18.14.56:566][  0]LogD3D11RHI: Async texture creation enabled
[2018.04.08-18.14.56:584][  0]LogD3D11RHI: GPU Timing Frequency: 1000.000000 (Debug: 2 1)
[2018.04.08-18.14.56:586][  0]LogShaders:Error: The global shader cache file 'D:/Unreal/UE_4.16/Engine/GlobalShaderCache-PCD3D_SM5.bin' is missing.

Your application is built to load COOKED content. No COOKED content was found; This usually means you did not cook content for this build.
It also may indicate missing cooked data for a shader platform(e.g., OpenGL under Windows): Make sure your platform's packaging settings include this Targeted RHI.

Alternatively build and run the UNCOOKED version instead.
[2018.04.08-18.14.56:629][  0]LogWindowsTextInputMethodSystem:Display: IME system now deactivated.
[2018.04.08-18.14.58:706][  0]LogWindowsTextInputMethodSystem:Display: IME system now deactivated.
[2018.04.08-18.14.58:708][  0]LogWindowsTextInputMethodSystem:Display: IME system now deactivated.
[2018.04.08-18.14.58:709][  0]LogWindows: FPlatformMisc::RequestExit(0)
[2018.04.08-18.14.58:710][  0]LogSlate: Using Freetype 2.6.0
[2018.04.08-18.14.58:763][  0]LogSlate: SlateFontCache - WITH_FREETYPE: 1, WITH_HARFBUZZ: 1
[2018.04.08-18.14.58:764][  0]LogSlate: SlateFontCache - WITH_FREETYPE: 1, WITH_HARFBUZZ: 1
[2018.04.08-18.15.00:462][  0]LogAssetRegistry: FAssetRegistry took 0.1770 seconds to start up
[2018.04.08-18.15.00:677][  0]LogPackageLocalizationCache: Processed 4 localized package path(s) for 1 prioritized culture(s) in 0.006155 seconds
[2018.04.08-18.15.00:680][  0]LogLinker:Warning: Unable to load package (../../Content/Rolling/Meshes/BallMesh.uasset). Package contains EditorOnly data which is not supported by the current build.
[2018.04.08-18.15.00:682][  0]LogLinker:Warning: Unable to load package (../../Content/Rolling/Meshes/BallMesh.uasset). Package contains EditorOnly data which is not supported by the current build.
[2018.04.08-18.15.00:683][  0]LogLinker:Warning: Unable to load package (../../Content/Rolling/Meshes/BallMesh.uasset). Package contains EditorOnly data which is not supported by the current build.
[2018.04.08-18.15.00:683][  0]LogUObjectGlobals:Warning: Failed to find object 'StaticMesh /Game/Rolling/Meshes/BallMesh.BallMesh'
[2018.04.08-18.15.00:684][  0]Error: CDO Constructor (BallBall): Failed to find /Game/Rolling/Meshes/BallMesh.BallMesh

[2018.04.08-18.15.00:694][  0]LogLinker:Warning: Unable to load package (D:/Unreal/UE_4.16/Engine/Content/EngineDamageTypes/DmgTypeBP_Environmental.uasset). Package contains EditorOnly data which is not supported by the current build.
[2018.04.08-18.15.00:704][  0]LogLinker:Warning: Unable to load package (D:/Unreal/UE_4.16/Engine/Content/EngineDamageTypes/DmgTypeBP_Environmental.uasset). Package contains EditorOnly data which is not supported by the current build.
[2018.04.08-18.15.00:713][  0]LogLinker:Warning: Unable to load package (D:/Unreal/UE_4.16/Engine/Content/EngineDamageTypes/DmgTypeBP_Environmental.uasset). Package contains EditorOnly data which is not supported by the current build.
[2018.04.08-18.15.00:714][  0]LogUObjectGlobals:Warning: Failed to find object 'Class /Engine/EngineDamageTypes/DmgTypeBP_Environmental.DmgTypeBP_Environmental_C'
[2018.04.08-18.15.00:714][  0]Error: CDO Constructor (WorldSettings): Failed to find /Engine/EngineDamageTypes/DmgTypeBP_Environmental.DmgTypeBP_Environmental_C

[2018.04.08-18.15.00:720][  0]LogLinker:Warning: Unable to load package (D:/Unreal/UE_4.16/Engine/Content/EngineMaterials/WorldGridMaterial.uasset). Package contains EditorOnly data which is not supported by the current build.
[2018.04.08-18.15.00:729][  0]LogLinker:Warning: Unable to load package (D:/Unreal/UE_4.16/Engine/Content/EngineMaterials/WorldGridMaterial.uasset). Package contains EditorOnly data which is not supported by the current build.
[2018.04.08-18.15.00:738][  0]LogLinker:Warning: Unable to load package (D:/Unreal/UE_4.16/Engine/Content/EngineMaterials/WorldGridMaterial.uasset). Package contains EditorOnly data which is not supported by the current build.
[2018.04.08-18.15.00:738][  0]LogUObjectGlobals:Warning: Failed to find object 'Material /Engine/EngineMaterials/WorldGridMaterial.WorldGridMaterial'
[2018.04.08-18.15.00:743][  0]LogWindows: Windows GetLastError: The operation completed successfully. (0)
[2018.04.08-18.15.06:154][  0]LogWindows:Error: === Critical error: ===
[2018.04.08-18.15.06:154][  0]LogWindows:Error: 
[2018.04.08-18.15.06:154][  0]LogWindows:Error: Assertion failed: GDefaultMaterials[Domain] != NULL [File:D:\Build\++UE4+Release-4.16+Compile\Sync\Engine\Source\Runtime\Engine\Private\Materials\Material.cpp] [Line: 433] 
[2018.04.08-18.15.06:155][  0]LogWindows:Error: Cannot load default material 'engine-ini:/Script/Engine.Engine.DefaultMaterialName'
[2018.04.08-18.15.06:155][  0]LogWindows:Error: 
[2018.04.08-18.15.06:155][  0]LogWindows:Error: 
[2018.04.08-18.15.06:155][  0]LogWindows:Error: KERNELBASE.dll!0x00000000B9914008
[2018.04.08-18.15.06:155][  0]LogWindows:Error: Ball.exe!FOutputDeviceWindowsError::Serialize()
[2018.04.08-18.15.06:155][  0]LogWindows:Error: Ball.exe!FOutputDevice::Logf__VA()
[2018.04.08-18.15.06:155][  0]LogWindows:Error: Ball.exe!FDebug::AssertFailed()
[2018.04.08-18.15.06:155][  0]LogWindows:Error: Ball.exe!UMaterialInterface::InitDefaultMaterials()
[2018.04.08-18.15.06:155][  0]LogWindows:Error: Ball.exe!UClass::CreateDefaultObject()
[2018.04.08-18.15.06:155][  0]LogWindows:Error: Ball.exe!UMaterialInterface::PostCDOContruct()
[2018.04.08-18.15.06:155][  0]LogWindows:Error: Ball.exe!UClass::CreateDefaultObject()
[2018.04.08-18.15.06:155][  0]LogWindows:Error: Ball.exe!UObjectForceRegistration()
[2018.04.08-18.15.06:155][  0]LogWindows:Error: Ball.exe!ProcessNewlyLoadedUObjects()
[2018.04.08-18.15.06:155][  0]LogWindows:Error: Ball.exe!FEngineLoop::PreInit()
[2018.04.08-18.15.06:155][  0]LogWindows:Error: Ball.exe!GuardedMain()
[2018.04.08-18.15.06:155][  0]LogWindows:Error: Ball.exe!GuardedMainWrapper()
[2018.04.08-18.15.06:155][  0]LogWindows:Error: Ball.exe!WinMain()
[2018.04.08-18.15.06:155][  0]LogWindows:Error: Ball.exe!__scrt_common_main_seh() [f:\dd\vctools\crt\vcstartup\src\startup\exe_common.inl:283]
[2018.04.08-18.15.06:155][  0]LogWindows:Error: KERNEL32.DLL!0x00000000BC1C1FE4
[2018.04.08-18.15.06:155][  0]LogWindows:Error: ntdll.dll!0x00000000BC95EFC1
[2018.04.08-18.15.06:155][  0]LogWindows:Error: ntdll.dll!0x00000000BC95EFC1
[2018.04.08-18.15.06:155][  0]LogWindows:Error: 
[2018.04.08-18.15.06:291][  0]LogExit: Executing StaticShutdownAfterError
[2018.04.08-18.15.06:726][  0]LogWindows: FPlatformMisc::RequestExit(1)
[2018.04.08-18.15.06:726][  0]Log file closed, 04/08/18 19:15:06
