Log file open, 04/25/18 22:26:44
LogInit:Display: Running engine for game: Ball
LogPlatformFile: Not using cached read wrapper
LogInit:Display: RandInit(516017620) SRandInit(516017620).
LogTaskGraph: Started task graph with 5 named threads and 8 total threads with 1 sets of task threads.
LogStats: Stats thread started at 0.411623
LogConfig:Warning: Failed to saved backup for config[Engine]
LogConfig:Warning: Failed to saved backup for config[Input]
LogConfig:Warning: Failed to saved backup for config[Editor]
LogConfig:Warning: Failed to saved backup for config[Hardware]
LogConfig:Warning: Failed to saved backup for config[Paper2D]
LogConfig:Warning: Failed to saved backup for config[OculusLibrary]
LogConfig:Warning: Failed to saved backup for config[OculusRift]
LogInit: Using libcurl 7.47.1
LogInit:  - built for x86_64-pc-win32
LogInit:  - supports SSL with OpenSSL/1.0.2g
LogInit:  - supports HTTP deflate (compression) using libz 1.2.8
LogInit:  - other features:
LogInit:      CURL_VERSION_SSL
LogInit:      CURL_VERSION_LIBZ
LogInit:      CURL_VERSION_IPV6
LogInit:      CURL_VERSION_ASYNCHDNS
LogInit:      CURL_VERSION_LARGEFILE
LogInit:      CURL_VERSION_IDN
LogInit:  CurlRequestOptions (configurable via config and command line):
LogInit:  - bVerifyPeer = false  - Libcurl will NOT verify peer certificate
LogInit:  - bUseHttpProxy = false  - Libcurl will NOT use HTTP proxy
LogInit:  - bDontReuseConnections = false  - Libcurl will reuse connections
LogInit:  - CertBundlePath = nullptr  - Libcurl will use whatever was configured at build time.
LogInit: Build: ++UE4+Release-4.16-CL-3561208
LogInit: Engine Version: 4.16.3-3561208+++UE4+Release-4.16
LogInit: Compatible Engine Version: 4.16.0-3452394+++UE4+Release-4.16
LogInit: Net CL: 3452394
LogDevObjectVersion: Number of dev versions registered: 16
LogDevObjectVersion:   Dev-Blueprints (B0D832E4-1F89-4F0D-ACCF-7EB736FD4AA2): 9
LogDevObjectVersion:   Dev-Build (E1C64328-A22C-4D53-A36C-8E866417BD8C): 0
LogDevObjectVersion:   Dev-Core (375EC13C-06E4-48FB-B500-84F0262A717E): 2
LogDevObjectVersion:   Dev-Editor (E4B068ED-F494-42E9-A231-DA0B2E46BB41): 17
LogDevObjectVersion:   Dev-Framework (CFFC743F-43B0-4480-9391-14DF171D2073): 23
LogDevObjectVersion:   Dev-Mobile (B02B49B5-BB20-44E9-A304-32B752E40360): 0
LogDevObjectVersion:   Dev-Networking (A4E4105C-59A1-49B5-A7C5-40C4547EDFEE): 0
LogDevObjectVersion:   Dev-Online (39C831C9-5AE6-47DC-9A44-9C173E1C8E7C): 0
LogDevObjectVersion:   Dev-Physics (78F01B33-EBEA-4F98-B9B4-84EACCB95AA2): 0
LogDevObjectVersion:   Dev-Platform (6631380F-2D4D-43E0-8009-CF276956A95A): 0
LogDevObjectVersion:   Dev-Rendering (12F88B9F-8875-4AFC-A67C-D90C383ABD29): 15
LogDevObjectVersion:   Dev-Sequencer (7B5AE74C-D270-4C10-A958-57980B212A5A): 4
LogDevObjectVersion:   Dev-VR (D7296918-1DD6-4BDD-9DE2-64A83CC13884): 0
LogDevObjectVersion:   Dev-LoadTimes (C2A15278-BFE7-4AFE-6C17-90FF531DF755): 1
LogDevObjectVersion:   Private-Geometry (6EACA3D4-40EC-4CC1-B786-8BED09428FC5): 1
LogDevObjectVersion:   Dev-AnimPhys (29E575DD-E0A3-4627-9D10-D276232CDCEA): 3
LogInit: Compiled (64-bit): Jul 28 2017 11:49:47
LogInit: Compiled with Visual C++: 19.00.24215.01
LogInit: Build Configuration: Development
LogInit: Branch Name: ++UE4+Release-4.16
LogInit: Command line:  
LogInit: Base directory: D:/Unreal/UE_4.16/Engine/Binaries/Win64/
LogInit: Installed Engine Build: 1
LogInit: Presizing for max 8388607 objects, including 0 objects not considered by GC, pre-allocating 0 bytes for permanent pool.
LogInit: Object subsystem initialized
[2018.04.25-21.26.52:916][  0]LogInit: Selected Device Profile: [Windows]
[2018.04.25-21.26.52:916][  0]LogInit: Applying CVar settings loaded from the selected device profile: [Windows]
[2018.04.25-21.26.53:031][  0]LogConfig:Warning: Failed to saved backup for config[DeviceProfiles]
[2018.04.25-21.26.53:081][  0]LogInit: Computer: MSI
[2018.04.25-21.26.53:081][  0]LogInit: User: tomje
[2018.04.25-21.26.53:081][  0]LogInit: CPU Page size=4096, Cores=4
[2018.04.25-21.26.53:081][  0]LogInit: High frequency timer resolution =2.531251 MHz
[2018.04.25-21.26.53:081][  0]LogMemory: Memory total: Physical=15.9GB (16GB approx)
[2018.04.25-21.26.53:081][  0]LogMemory: Platform Memory Stats for Windows
[2018.04.25-21.26.53:081][  0]LogMemory: Process Physical Memory: 273.54 MB used, 273.54 MB peak
[2018.04.25-21.26.53:081][  0]LogMemory: Process Virtual Memory: 266.95 MB used, 266.95 MB peak
[2018.04.25-21.26.53:081][  0]LogMemory: Physical Memory: 11436.77 MB used,  4857.94 MB free, 16294.71 MB total
[2018.04.25-21.26.53:081][  0]LogMemory: Virtual Memory: 682.27 MB used,  4857.94 MB free, 134217728.00 MB total
[2018.04.25-21.26.56:601][  0]LogInit: Using OS detected language (en-US).
[2018.04.25-21.26.56:601][  0]LogInit: Using OS detected locale (en-GB).
[2018.04.25-21.26.56:995][  0]LogTextLocalizationManager: No specific localization for 'en-US' exists, so the 'en' localization will be used.
[2018.04.25-21.27.09:065][  0]LogD3D11RHI: D3D11 adapters:
[2018.04.25-21.27.09:244][  0]LogD3D11RHI:    0. 'NVIDIA GeForce GTX 970M' (Feature Level 11_0)
[2018.04.25-21.27.09:244][  0]LogD3D11RHI:       3040/0/8147 MB DedicatedVideo/DedicatedSystem/SharedSystem, Outputs:1, VendorId:0x10de
[2018.04.25-21.27.09:716][  0]LogD3D11RHI:    1. 'Intel(R) HD Graphics 530' (Feature Level 11_0)
[2018.04.25-21.27.09:716][  0]LogD3D11RHI:       128/0/8147 MB DedicatedVideo/DedicatedSystem/SharedSystem, Outputs:0, VendorId:0x8086
[2018.04.25-21.27.09:771][  0]LogD3D11RHI:    2. 'Microsoft Basic Render Driver' (Feature Level 11_0)
[2018.04.25-21.27.09:771][  0]LogD3D11RHI:       0/0/8147 MB DedicatedVideo/DedicatedSystem/SharedSystem, Outputs:0, VendorId:0x1414
[2018.04.25-21.27.09:771][  0]LogD3D11RHI: Chosen D3D11 Adapter: 0
[2018.04.25-21.27.09:795][  0]LogD3D11RHI: Creating new Direct3DDevice
[2018.04.25-21.27.09:795][  0]LogD3D11RHI:     GPU DeviceId: 0x13d8 (for the marketing name, search the web for "GPU Device Id")
[2018.04.25-21.27.09:795][  0]LogWindows: EnumDisplayDevices:
[2018.04.25-21.27.09:795][  0]LogWindows:    0. 'Intel(R) HD Graphics 530' (P:1 D:1)
[2018.04.25-21.27.09:795][  0]LogWindows:    1. 'Intel(R) HD Graphics 530' (P:0 D:0)
[2018.04.25-21.27.09:796][  0]LogWindows:    2. 'Intel(R) HD Graphics 530' (P:0 D:0)
[2018.04.25-21.27.09:796][  0]LogWindows: DebugString: GetVideoDriverDetailsInvalid PrimaryIsNotTheChoosenAdapter GetVideoDriverDetailsInvalid PrimaryIsNotTheChoosenAdapter GetVideoDriverDetailsInvalid PrimaryIsNotTheChoosenAdapter FoundDriverCount:0 
[2018.04.25-21.27.09:796][  0]LogD3D11RHI:     Adapter Name: NVIDIA GeForce GTX 970M
[2018.04.25-21.27.09:796][  0]LogD3D11RHI:   Driver Version: Unknown (internal:Unknown, unified:Unknown)
[2018.04.25-21.27.09:796][  0]LogD3D11RHI:      Driver Date: Unknown
[2018.04.25-21.27.09:796][  0]LogRHI: Texture pool is 1361 MB (70% of 1945 MB)
[2018.04.25-21.27.09:909][  0]LogD3D11RHI: Async texture creation enabled
[2018.04.25-21.27.09:935][  0]LogD3D11RHI: GPU Timing Frequency: 1000.000000 (Debug: 2 1)
[2018.04.25-21.27.09:938][  0]LogShaderCompilers: Guid format shader working directory is 33 characters bigger than the processId version (G:/Ball/Ball/Intermediate/Shaders/WorkingDirectory/19944/).
[2018.04.25-21.27.09:938][  0]LogShaderCompilers: Cleaned the shader compiler working directory 'C:/Users/tomje/AppData/Local/Temp/UnrealShaderWorkingDir/D5773DBC479ABB0A2431A196896FCDEF/'.
[2018.04.25-21.27.09:938][  0]LogShaderCompilers:Display: Using Local Shader Compiler.
[2018.04.25-21.27.38:502][  0]LogTemp:Display: Loaded TP AllDesktopTargetPlatform
[2018.04.25-21.27.38:858][  0]LogTemp:Display: Loaded TP MacClientTargetPlatform
[2018.04.25-21.27.39:114][  0]LogTemp:Display: Loaded TP MacNoEditorTargetPlatform
[2018.04.25-21.27.39:370][  0]LogTemp:Display: Loaded TP MacServerTargetPlatform
[2018.04.25-21.27.39:591][  0]LogTemp:Display: Loaded TP MacTargetPlatform
[2018.04.25-21.27.39:838][  0]LogTemp:Display: Loaded TP WindowsClientTargetPlatform
[2018.04.25-21.27.40:183][  0]LogTemp:Display: Loaded TP WindowsNoEditorTargetPlatform
[2018.04.25-21.27.40:415][  0]LogTemp:Display: Loaded TP WindowsServerTargetPlatform
[2018.04.25-21.27.40:692][  0]LogTemp:Display: Loaded TP WindowsTargetPlatform
[2018.04.25-21.27.41:399][  0]LogTemp:Display: Loaded TP AndroidTargetPlatform
[2018.04.25-21.27.41:676][  0]LogTemp:Display: Loaded TP Android_ASTCTargetPlatform
[2018.04.25-21.27.42:353][  0]LogTemp:Display: Loaded TP Android_ATCTargetPlatform
[2018.04.25-21.27.43:282][  0]LogTemp:Display: Loaded TP Android_DXTTargetPlatform
[2018.04.25-21.27.43:729][  0]LogTemp:Display: Loaded TP Android_ETC1TargetPlatform
[2018.04.25-21.27.44:851][  0]LogTemp:Display: Loaded TP Android_ETC2TargetPlatform
[2018.04.25-21.27.45:559][  0]LogTemp:Display: Loaded TP Android_MultiTargetPlatform
[2018.04.25-21.27.45:559][  0]LogTemp:Display: Loaded TP Android_PVRTCTargetPlatform
[2018.04.25-21.27.45:900][  0]LogTemp:Display: Loaded TP HTML5TargetPlatform
[2018.04.25-21.27.46:509][  0]LogTemp:Display: Loaded TP IOSTargetPlatform
[2018.04.25-21.27.46:905][  0]LogTemp:Display: Loaded TP TVOSTargetPlatform
[2018.04.25-21.27.47:245][  0]LogTemp:Display: Loaded TP LinuxClientTargetPlatform
[2018.04.25-21.27.47:560][  0]LogTemp:Display: Loaded TP LinuxNoEditorTargetPlatform
[2018.04.25-21.27.48:161][  0]LogTemp:Display: Loaded TP LinuxServerTargetPlatform
[2018.04.25-21.27.48:772][  0]LogTemp:Display: Loaded TP LinuxTargetPlatform
[2018.04.25-21.27.48:774][  0]LogTargetPlatformManager:Display: Building Assets For Windows
[2018.04.25-21.27.58:784][  0]LogDerivedDataCache:Display: Max Cache Size: 512 MB
[2018.04.25-21.28.00:066][  0]LogDerivedDataCache: Loaded boot cache 1.28s 91MB C:/Users/tomje/AppData/Local/UnrealEngine/4.16/DerivedDataCache/Boot.ddc.
[2018.04.25-21.28.00:067][  0]LogDerivedDataCache:Display: Loaded Boot cache: C:/Users/tomje/AppData/Local/UnrealEngine/4.16/DerivedDataCache/Boot.ddc
[2018.04.25-21.28.00:067][  0]LogDerivedDataCache: FDerivedDataBackendGraph:  Pak pak cache file G:/Ball/Ball/DerivedDataCache/DDC.ddp not found, will not use a pak cache.
[2018.04.25-21.28.00:067][  0]LogDerivedDataCache: Unable to find inner node Pak for hierarchical cache Hierarchy.
[2018.04.25-21.28.00:067][  0]LogDerivedDataCache: FDerivedDataBackendGraph:  CompressedPak pak cache file G:/Ball/Ball/DerivedDataCache/Compressed.ddp not found, will not use a pak cache.
[2018.04.25-21.28.00:067][  0]LogDerivedDataCache: Unable to find inner node CompressedPak for hierarchical cache Hierarchy.
[2018.04.25-21.28.00:354][  0]LogDerivedDataCache:Display: Pak cache opened for reading ../../../Engine/DerivedDataCache/Compressed.ddp.
[2018.04.25-21.28.00:437][  0]LogDerivedDataCache: Using Local data cache path C:/Users/tomje/AppData/Local/UnrealEngine/Common/DerivedDataCache: Writable
[2018.04.25-21.28.00:466][  0]LogMaterial: Verifying Global Shaders for PCD3D_SM5
[2018.04.25-21.28.00:466][  0]LogSlate: Using Freetype 2.6.0
[2018.04.25-21.28.00:781][  0]LogSlate: SlateFontCache - WITH_FREETYPE: 1, WITH_HARFBUZZ: 1
[2018.04.25-21.28.00:782][  0]LogSlate: SlateFontCache - WITH_FREETYPE: 1, WITH_HARFBUZZ: 1
[2018.04.25-21.28.19:877][  0]LogInit: Selected Device Profile: [Windows]
[2018.04.25-21.28.20:522][  0]LogContentStreaming: Texture pool size is 0.00 MB
[2018.04.25-21.28.21:826][  0]LogMeshUtilities: Using QuadricMeshReduction for automatic static mesh reduction
[2018.04.25-21.28.22:246][  0]LogSimplygon: Simplygon DLL not present - disabling.
[2018.04.25-21.28.22:763][  0]LogMeshUtilities: Using SimplygonSwarm for distributed automatic mesh merging
[2018.04.25-21.28.22:763][  0]LogMeshUtilities: No automatic skeletal mesh reduction module available
[2018.04.25-21.28.22:763][  0]LogMeshUtilities: No automatic mesh merging module available
[2018.04.25-21.28.24:727][  0]LogConfig:Warning: Failed to saved backup for config[TemplateDefs]
[2018.04.25-21.28.28:297][  0]LogNetVersion: Ball , NetCL: 3452394, EngineNetVer: 2, GameNetVer: 0 (Checksum: 2035510465)
[2018.04.25-21.28.28:750][  0]LogAssetRegistry: FAssetRegistry took 0.0743 seconds to start up
[2018.04.25-21.28.28:988][  0]LogFileManager:Warning: MoveFile was unable to move 'G:/Ball/Ball/Intermediate/AssetRegistryCache/5a627529.bin.tmp' to 'G:/Ball/Ball/Intermediate/AssetRegistryCache/5a627529.bin', retrying in .5s...
[2018.04.25-21.28.29:489][  0]LogFileManager:Warning: MoveFile was unable to move 'G:/Ball/Ball/Intermediate/AssetRegistryCache/5a627529.bin.tmp' to 'G:/Ball/Ball/Intermediate/AssetRegistryCache/5a627529.bin', retrying in .5s...
[2018.04.25-21.28.29:990][  0]LogFileManager:Warning: MoveFile was unable to move 'G:/Ball/Ball/Intermediate/AssetRegistryCache/5a627529.bin.tmp' to 'G:/Ball/Ball/Intermediate/AssetRegistryCache/5a627529.bin', retrying in .5s...
[2018.04.25-21.28.30:490][  0]LogFileManager:Warning: MoveFile was unable to move 'G:/Ball/Ball/Intermediate/AssetRegistryCache/5a627529.bin.tmp' to 'G:/Ball/Ball/Intermediate/AssetRegistryCache/5a627529.bin', retrying in .5s...
[2018.04.25-21.28.30:991][  0]LogFileManager:Warning: MoveFile was unable to move 'G:/Ball/Ball/Intermediate/AssetRegistryCache/5a627529.bin.tmp' to 'G:/Ball/Ball/Intermediate/AssetRegistryCache/5a627529.bin', retrying in .5s...
[2018.04.25-21.28.31:491][  0]LogFileManager:Warning: MoveFile was unable to move 'G:/Ball/Ball/Intermediate/AssetRegistryCache/5a627529.bin.tmp' to 'G:/Ball/Ball/Intermediate/AssetRegistryCache/5a627529.bin', retrying in .5s...
[2018.04.25-21.28.31:992][  0]LogFileManager:Warning: MoveFile was unable to move 'G:/Ball/Ball/Intermediate/AssetRegistryCache/5a627529.bin.tmp' to 'G:/Ball/Ball/Intermediate/AssetRegistryCache/5a627529.bin', retrying in .5s...
[2018.04.25-21.28.32:492][  0]LogFileManager:Warning: MoveFile was unable to move 'G:/Ball/Ball/Intermediate/AssetRegistryCache/5a627529.bin.tmp' to 'G:/Ball/Ball/Intermediate/AssetRegistryCache/5a627529.bin', retrying in .5s...
[2018.04.25-21.28.32:993][  0]LogFileManager:Warning: MoveFile was unable to move 'G:/Ball/Ball/Intermediate/AssetRegistryCache/5a627529.bin.tmp' to 'G:/Ball/Ball/Intermediate/AssetRegistryCache/5a627529.bin', retrying in .5s...
[2018.04.25-21.28.33:501][  0]LogFileManager:Warning: MoveFile was unable to move 'G:/Ball/Ball/Intermediate/AssetRegistryCache/5a627529.bin.tmp' to 'G:/Ball/Ball/Intermediate/AssetRegistryCache/5a627529.bin', retrying in .5s...
[2018.04.25-21.28.34:002][  0]LogFileManager:Error: Error moving file 'G:/Ball/Ball/Intermediate/AssetRegistryCache/5a627529.bin.tmp' to 'G:/Ball/Ball/Intermediate/AssetRegistryCache/5a627529.bin'.
[2018.04.25-21.28.35:098][  0]LogPackageLocalizationCache: Processed 4 localized package path(s) for 2 prioritized culture(s) in 6.262341 seconds
[2018.04.25-21.28.35:110][  0]LogUObjectArray: 34194 objects as part of root set at end of initial load.
[2018.04.25-21.28.35:110][  0]LogUObjectAllocator: 7260424 out of 0 bytes used by permanent object pool.
[2018.04.25-21.28.35:110][  0]LogUObjectArray: CloseDisregardForGC: 0/0 objects in disregard for GC pool
[2018.04.25-21.28.35:458][  0]LogInit: WinSock: version 1.1 (2.2), MaxSocks=32767, MaxUdp=65467
[2018.04.25-21.30.30:164][  0]LogTcpMessaging: Initializing TcpMessaging bridge
[2018.04.25-21.30.30:505][  0]LogUdpMessaging: Initializing bridge on interface 0.0.0.0:0 to multicast group 230.0.0.1:6666.
[2018.04.25-21.30.40:776][  0]LogMaterial: Uniform references updated for custom material expression Custom.
[2018.04.25-21.30.45:144][  0]SourceControl: Info Source control is disabled
[2018.04.25-21.30.45:736][  0]SourceControl: Info Source control is disabled
[2018.04.25-21.30.46:808][  0]SourceControl: Info Source control is disabled
[2018.04.25-21.30.47:444][  0]SourceControl: Info Source control is disabled
[2018.04.25-21.30.50:528][  0]LogLinker:Warning: Can't find file '/Game/RollingCPP/RollingOverview'
[2018.04.25-21.30.50:528][  0]LogLinker:Warning: Can't find file '/Game/RollingCPP/RollingOverview'
[2018.04.25-21.30.50:528][  0]LogUObjectGlobals:Warning: Failed to find object 'Class /Game/RollingCPP/RollingOverview.RollingOverview_C'
[2018.04.25-21.30.54:963][  0]LogAndroidPermission: UAndroidPermissionCallbackProxy::GetInstance
[2018.04.25-21.31.01:198][  0]LogEngine: Initializing Engine...
[2018.04.25-21.31.01:290][  0]LogHMD: Failed to initialize OpenVR with code 100
[2018.04.25-21.31.03:337][  0]LogStats: UGameplayTagsManager::ConstructGameplayTagTree: Construct from data asset -  0.000 s
[2018.04.25-21.31.03:337][  0]LogStats: UGameplayTagsManager::ConstructGameplayTagTree: GameplayTagTreeChangedEvent.Broadcast -  0.000 s
[2018.04.25-21.31.04:087][  0]LogAIModule: Creating AISystem for world Untitled
[2018.04.25-21.31.04:161][  0]LogInit: XAudio2 using 'Speakers (Realtek High Definition Audio)' : 6 channels at 48 kHz using 32 bits per sample (channel mask 0x3f)
[2018.04.25-21.31.04:553][  0]LogInit: FAudioDevice initialized.
[2018.04.25-21.31.04:747][  0]LogDerivedDataCache: Saved boot cache 0.19s 91MB C:/Users/tomje/AppData/Local/UnrealEngine/4.16/DerivedDataCache/Boot.ddc.
[2018.04.25-21.31.04:800][  0]LogInit: Texture streaming: Enabled
[2018.04.25-21.31.05:848][  0]LogEngineSessionManager: EngineSessionManager initialized
[2018.04.25-21.31.08:122][  0]LogInit: Transaction tracking system initialized
[2018.04.25-21.31.10:288][  0]BlueprintLog: New page: Editor Load
[2018.04.25-21.31.20:627][  0]LocalizationService: Info Localization service is disabled
[2018.04.25-21.31.33:097][  0]LogConsoleResponse:Display: 
[2018.04.25-21.31.36:870][  0]LogCook:Display: Max memory allowance for cook 16384mb min free memory 0mb
[2018.04.25-21.31.36:870][  0]LogCook:Display: Mobile HDR setting 1
[2018.04.25-21.31.37:287][  0]LogFileCache: Scanning file cache for directory 'G:/Ball/Ball/Content/' took 0.04s
[2018.04.25-21.31.50:092][  0]SourceControl: Info Source control is disabled
[2018.04.25-21.31.50:092][  0]Cmd: MAP LOAD FILE="G:/Ball/Ball/Content/RollingCPP/Maps/RollingExampleMap.umap" TEMPLATE=0 SHOWPROGRESS=1 FEATURELEVEL=3
[2018.04.25-21.31.50:092][  0]LogEditorServer:Warning: Can't find file 'G:/Ball/Ball/Content/RollingCPP/Maps/RollingExampleMap.umap'
[2018.04.25-21.31.50:092][  0]Cmd: MAP CHECKDEP NOCLEARLOG
[2018.04.25-21.31.56:933][  0]MapCheck: Info Map check complete: 0 Error(s), 0 Warning(s), took 6,840.723ms to complete.
[2018.04.25-21.31.56:935][  0]LogFileHelpers: Loading map 'RollingExampleMap' took 6.843
[2018.04.25-21.31.57:931][  0]LogCollectionManager: Loaded 0 collections in 0.003270 seconds
[2018.04.25-21.31.58:517][  0]LogFileCache: Scanning file cache for directory 'G:/Ball/Ball/Saved/Collections/' took 0.03s
[2018.04.25-21.31.58:517][  0]LogFileCache: Scanning file cache for directory 'G:/Ball/Ball/Content/Developers/tomje/Collections/' took 0.03s
[2018.04.25-21.31.58:517][  0]LogFileCache: Scanning file cache for directory 'G:/Ball/Ball/Content/Collections/' took 0.03s
[2018.04.25-21.31.58:517][  0]LogCollectionManager: Rebuilt the GUID cache for 0 collections in 0.000003 seconds
[2018.04.25-21.31.58:542][  0]LogContentBrowser: Native class hierarchy populated in 0.0243 seconds. Added 2337 classes and 493 folders.
[2018.04.25-21.31.58:943][  0]LogContentBrowser: Native class hierarchy updated for 'WidgetCarousel' in 0.0054 seconds. Added 0 classes and 0 folders.
[2018.04.25-21.32.06:091][  0]LogContentBrowser: Native class hierarchy updated for 'AddContentDialog' in 0.0053 seconds. Added 0 classes and 0 folders.
[2018.04.25-21.32.06:440][  0]LogContentBrowser: Native class hierarchy updated for 'SceneOutliner' in 0.0031 seconds. Added 1 classes and 2 folders.
[2018.04.25-21.32.06:901][  0]LogCrashTracker: Crashtracker disabled due to settings.
[2018.04.25-21.32.07:028][  0]LogSlate: Took 0.092455 seconds to synchronously load lazily loaded font '../../../Engine/Content/Slate/Fonts/Roboto-Regular.ttf' (155K)
[2018.04.25-21.32.07:085][  0]LogSlate: Took 0.054677 seconds to synchronously load lazily loaded font '../../../Engine/Content/Slate/Fonts/Roboto-Bold.ttf' (160K)
[2018.04.25-21.32.07:136][  0]LogSlate: Took 0.037906 seconds to synchronously load lazily loaded font '../../../Engine/Content/Editor/Slate/Fonts/FontAwesome.ttf' (139K)
[2018.04.25-21.32.08:238][  0]LogRenderer: Reallocating scene render targets to support 904x436 NumSamples 1 (Frame:1).
[2018.04.25-21.32.09:330][  0]LogUObjectGlobals:Warning: Failed to find object 'Class None.'
[2018.04.25-21.32.10:171][  0]LogContentBrowser: Native class hierarchy updated for 'HierarchicalLODOutliner' in 0.0683 seconds. Added 1 classes and 2 folders.
[2018.04.25-21.32.10:171][  0]LogLoad: (Engine Initialization) Total time: 328.68 seconds
[2018.04.25-21.32.10:171][  0]LogLoad: (Engine Initialization) Total Blueprint compile time: 0.35 seconds
[2018.04.25-21.32.10:171][  0]LogExternalProfiler: Found external profiler: VSPerf
[2018.04.25-21.32.10:171][  0]LogExternalProfiler: Using external profiler: VSPerf
[2018.04.25-21.32.12:958][  0]LogOcInput: OculusInput pre-init called
[2018.04.25-21.32.12:958][  0]LogHMD: Starting GearVRController plugin
[2018.04.25-21.32.13:102][  0]LogContentStreaming: Texture pool size now 1000 MB
[2018.04.25-21.32.16:461][  8]LogAssetRegistry: Asset discovery search completed in 227.7633 seconds
[2018.04.25-21.32.16:486][  8]LogCollectionManager: Rebuilt the object cache for 0 collections in 0.000001 seconds (found 0 objects)
[2018.04.25-21.32.16:486][  8]LogCollectionManager: Fixed up redirectors for 0 collections in 0.000070 seconds (updated 0 objects)
[2018.04.25-21.32.17:887][ 12]LogSlate: Took 0.048722 seconds to synchronously load lazily loaded font '../../../Engine/Content/Slate/Fonts/Roboto-Light.ttf' (159K)
[2018.04.25-21.47.36:043][155]LogSlate: Took 0.016542 seconds to synchronously load lazily loaded font '../../../Engine/Content/Slate/Fonts/Roboto-Light.ttf' (159K)
[2018.04.25-21.48.00:414][457]LogVSAccessor:Warning: Couldn't goto line number '0' in 'G:/Ball/Ball/Source/Ball/Projectile.h'
[2018.04.25-21.48.02:180][457]LogVSAccessor:Warning: Couldn't goto line number '0' in 'G:/Ball/Ball/Source/Ball/Projectile.cpp'
[2018.04.25-21.50.08:418][ 63]LogSlate: Took 0.025932 seconds to synchronously load lazily loaded font '../../../Engine/Content/Slate/Fonts/Roboto-Regular.ttf' (155K)
[2018.04.25-21.50.09:516][ 63]LogAIModule: Creating AISystem for world Ball1Map
[2018.04.25-21.50.09:681][ 63]Cmd: MAP LOAD FILE="G:/Ball/Ball/Content/RollingCPP/Maps/Ball1Map.umap" TEMPLATE=0 SHOWPROGRESS=1 FEATURELEVEL=3
[2018.04.25-21.50.09:681][ 63]LightingResults: New page: Lighting Build
[2018.04.25-21.50.09:850][ 63]LogContentBrowser: Native class hierarchy updated for 'StatsViewer' in 0.0037 seconds. Added 5 classes and 0 folders.
[2018.04.25-21.50.09:852][ 63]LoadErrors: New page: Loading map: Ball1Map.umap
[2018.04.25-21.50.09:852][ 63]MapCheck: New page: Map Check
[2018.04.25-21.50.09:852][ 63]LightingResults: New page: Lighting Build
[2018.04.25-21.50.10:107][ 63]LogEditorServer: Finished looking for orphan Actors (0.000 secs)
[2018.04.25-21.50.10:322][ 63]Cmd: MAP CHECKDEP NOCLEARLOG
[2018.04.25-21.50.17:512][ 63]MapCheck: Info Map check complete: 0 Error(s), 0 Warning(s), took 7,189.421ms to complete.
[2018.04.25-21.50.17:564][ 63]LogFileHelpers: Loading map 'Ball1Map' took 7.885
[2018.04.25-21.50.34:693][196]Candidate modules for hot reload:
[2018.04.25-21.50.34:693][196]  Ball
[2018.04.25-21.50.34:693][196]Launching UnrealBuildTool... [D:/Unreal/UE_4.16/Engine/Binaries/DotNET/UnrealBuildTool.exe Ball -ModuleWithSuffix Ball 1591 Win64 Development -editorrecompile -canskiplink "G:/Ball/Ball/Ball.uproject" ]
[2018.04.25-21.50.43:004][196]Warning: Starting HotReload took  8.5s.
[2018.04.25-21.57.36:739][561]CompilerResultsLog: New page: Compilation - 25 Apr 2018 23:57:36
[2018.04.25-21.57.36:739][561]CompilerResultsLog: Info Compiling game modules for hot reload
[2018.04.25-21.57.36:739][561]CompilerResultsLog: Info Parsing headers for BallEditor
[2018.04.25-21.57.36:740][561]CompilerResultsLog: Info   Running UnrealHeaderTool "G:\Ball\Ball\Ball.uproject" "G:\Ball\Ball\Intermediate\Build\Win64\BallEditor\Development\BallEditor.uhtmanifest" -LogCmds="loginit warning, logexit warning, logdatabase error" -Unattended -WarningsAsErrors -installed
[2018.04.25-21.57.36:740][561]CompilerResultsLog: Info Reflection code generated for BallEditor in 18.188579 seconds
[2018.04.25-21.57.36:740][561]CompilerResultsLog: Info Performing 4 actions (4 in parallel)
[2018.04.25-21.57.36:740][561]CompilerResultsLog: Info Ball.generated.cpp
[2018.04.25-21.57.36:740][561]CompilerResultsLog: Info Projectile.cpp
[2018.04.25-21.57.36:740][561]CompilerResultsLog:Error: Error g:\ball\ball\source\ball\Projectile.h(62) : error C2144: syntax error: 'USoundBase' should be preceded by ';'
[2018.04.25-21.57.36:740][561]CompilerResultsLog:Error: Error G:\Ball\Ball\Source\Ball\Projectile.h(62) : error C2144: syntax error: 'USoundBase' should be preceded by ';'
[2018.04.25-21.57.36:740][561]CompilerResultsLog: Info ERROR: UBT ERROR: Failed to produce item: G:\Ball\Ball\Binaries\Win64\UE4Editor-Ball-1591.dll
[2018.04.25-21.57.36:740][561]CompilerResultsLog: Info Total build time: 408.42 seconds (Local executor: 0.00 seconds)
[2018.04.25-21.57.36:740][561]LogMainFrame: MainFrame: Module compiling took 422.061 seconds
[2018.04.25-21.57.36:740][561]Warning: HotReload failed, recompile failed
[2018.04.25-21.57.57:899][ 79]Candidate modules for hot reload:
[2018.04.25-21.57.57:899][ 79]  Ball
[2018.04.25-21.57.57:899][ 79]Launching UnrealBuildTool... [D:/Unreal/UE_4.16/Engine/Binaries/DotNET/UnrealBuildTool.exe Ball -ModuleWithSuffix Ball 9095 Win64 Development -editorrecompile -canskiplink "G:/Ball/Ball/Ball.uproject" ]
[2018.04.25-21.58.05:468][ 79]Warning: Starting HotReload took  7.6s.
[2018.04.25-22.00.17:237][437]LogTemp: Repeting last play command: New Editor Window (PIE)
[2018.04.25-22.00.17:947][437]LogBlueprintUserMessages: Early PlayInEditor Detection: Level '/Game/RollingCPP/Maps/Ball1Map.Ball1Map:PersistentLevel' has LevelScriptBlueprint '/Game/RollingCPP/Maps/Ball1Map.Ball1Map:PersistentLevel.Ball1Map' with GeneratedClass '/Game/RollingCPP/Maps/Ball1Map.Ball1Map_C' with ClassGeneratedBy '/Game/RollingCPP/Maps/Ball1Map.Ball1Map:PersistentLevel.Ball1Map'
[2018.04.25-22.00.17:947][437]LogPlayLevel: PlayLevel: No blueprints needed recompiling
[2018.04.25-22.00.17:947][437]PIE: New page: PIE session: Ball1Map (26 Apr 2018 00:00:17)
[2018.04.25-22.00.17:948][437]LogPlayLevel: Creating play world package: /Game/RollingCPP/Maps/UEDPIE_0_Ball1Map
[2018.04.25-22.00.18:002][437]LogPlayLevel: PIE: StaticDuplicateObject took: (0.053765s)
[2018.04.25-22.00.18:004][437]LogAIModule: Creating AISystem for world Ball1Map
[2018.04.25-22.00.18:005][437]LogPlayLevel: PIE: World Init took: (0.002782s)
[2018.04.25-22.00.18:005][437]LogPlayLevel: PIE: Created PIE world by copying editor world from /Game/RollingCPP/Maps/Ball1Map.Ball1Map to /Game/RollingCPP/Maps/UEDPIE_0_Ball1Map.Ball1Map (0.057359s)
[2018.04.25-22.00.18:063][437]LogInit: XAudio2 using 'Speakers (Realtek High Definition Audio)' : 6 channels at 48 kHz using 32 bits per sample (channel mask 0x3f)
[2018.04.25-22.00.18:309][437]LogInit: FAudioDevice initialized.
[2018.04.25-22.00.18:398][437]LogLoad: Game class is 'ballgamemode_C'
[2018.04.25-22.00.18:411][437]LogWorld: Bringing World /Game/RollingCPP/Maps/UEDPIE_0_Ball1Map.Ball1Map up for play (max tick rate 60) at 2018.04.25-23.00.18
[2018.04.25-22.00.18:411][437]LogWorld: Bringing up level for play took: 0.008536
[2018.04.25-22.00.18:787][437]LogContentBrowser: Native class hierarchy updated for 'MovieSceneCapture' in 0.0030 seconds. Added 11 classes and 0 folders.
[2018.04.25-22.00.18:798][437]PIE: Info Play in editor start time for /Game/RollingCPP/Maps/UEDPIE_0_Ball1Map 1.168
[2018.04.25-22.00.18:798][437]LogBlueprintUserMessages: Late PlayInEditor Detection: Level '/Game/RollingCPP/Maps/Ball1Map.Ball1Map:PersistentLevel' has LevelScriptBlueprint '/Game/RollingCPP/Maps/Ball1Map.Ball1Map:PersistentLevel.Ball1Map' with GeneratedClass '/Game/RollingCPP/Maps/Ball1Map.Ball1Map_C' with ClassGeneratedBy '/Game/RollingCPP/Maps/Ball1Map.Ball1Map:PersistentLevel.Ball1Map'
[2018.04.25-22.00.18:859][437]LogRenderer: Reallocating scene render targets to support 1292x756 NumSamples 1 (Frame:1).
[2018.04.25-22.01.16:686][369]LogNet: Browse: /Game/Maps/GameOverMap
[2018.04.25-22.01.16:686][369]LogLoad: LoadMap: /Game/Maps/GameOverMap
[2018.04.25-22.01.16:716][369]Cmd: MEM
[2018.04.25-22.01.16:732][369]LogMemory: Platform Memory Stats for Windows
[2018.04.25-22.01.16:732][369]LogMemory: Process Physical Memory: 1137.55 MB used, 1156.21 MB peak
[2018.04.25-22.01.16:732][369]LogMemory: Process Virtual Memory: 2010.77 MB used, 2122.77 MB peak
[2018.04.25-22.01.16:732][369]LogMemory: Physical Memory: 13114.35 MB used,  3180.37 MB free, 16294.71 MB total
[2018.04.25-22.01.16:732][369]LogMemory: Virtual Memory: 2915.50 MB used,  3180.37 MB free, 134217728.00 MB total
[2018.04.25-22.01.16:733][369]LogMemory: 
[2018.04.25-22.01.16:733][369]Allocator Stats for TBB: (not implemented)
[2018.04.25-22.01.18:247][369]LogAIModule: Creating AISystem for world GameOverMap
[2018.04.25-22.01.18:247][369]LogLoad: Game class is 'GameMode'
[2018.04.25-22.01.18:251][369]LogWorld: Bringing World /Game/Maps/UEDPIE_0_GameOverMap.GameOverMap up for play (max tick rate 60) at 2018.04.25-23.01.18
[2018.04.25-22.01.18:252][369]LogWorld: Bringing up level for play took: 0.002620
[2018.04.25-22.01.18:253][369]LogGameMode:Display: Match State Changed from EnteringMap to WaitingToStart
[2018.04.25-22.01.18:253][369]LogGameState: Match State Changed from EnteringMap to WaitingToStart
[2018.04.25-22.01.18:253][369]LogGameMode:Display: Match State Changed from WaitingToStart to InProgress
[2018.04.25-22.01.18:295][369]LogGameState: Match State Changed from WaitingToStart to InProgress
[2018.04.25-22.01.18:295][369]LogLoad: Took 1.609102 seconds to LoadMap(/Game/Maps/GameOverMap)
[2018.04.25-22.01.21:785][523]LogBlueprintUserMessages: Early EndPlayMap Detection: Level '/Game/RollingCPP/Maps/Ball1Map.Ball1Map:PersistentLevel' has LevelScriptBlueprint '/Game/RollingCPP/Maps/Ball1Map.Ball1Map:PersistentLevel.Ball1Map' with GeneratedClass '/Game/RollingCPP/Maps/Ball1Map.Ball1Map_C' with ClassGeneratedBy '/Game/RollingCPP/Maps/Ball1Map.Ball1Map:PersistentLevel.Ball1Map'
[2018.04.25-22.01.21:938][523]LogBlueprintUserMessages: Late EndPlayMap Detection: Level '/Game/RollingCPP/Maps/Ball1Map.Ball1Map:PersistentLevel' has LevelScriptBlueprint '/Game/RollingCPP/Maps/Ball1Map.Ball1Map:PersistentLevel.Ball1Map' with GeneratedClass '/Game/RollingCPP/Maps/Ball1Map.Ball1Map_C' with ClassGeneratedBy '/Game/RollingCPP/Maps/Ball1Map.Ball1Map:PersistentLevel.Ball1Map'
[2018.04.25-22.02.14:574][553]CompilerResultsLog: New page: Compilation - 26 Apr 2018 00:02:14
[2018.04.25-22.02.14:574][553]CompilerResultsLog: Info Compiling game modules for hot reload
[2018.04.25-22.02.14:574][553]CompilerResultsLog: Info Parsing headers for BallEditor
[2018.04.25-22.02.14:574][553]CompilerResultsLog: Info   Running UnrealHeaderTool "G:\Ball\Ball\Ball.uproject" "G:\Ball\Ball\Intermediate\Build\Win64\BallEditor\Development\BallEditor.uhtmanifest" -LogCmds="loginit warning, logexit warning, logdatabase error" -Unattended -WarningsAsErrors -installed
[2018.04.25-22.02.14:574][553]CompilerResultsLog: Info Reflection code generated for BallEditor in 15.4525284 seconds
[2018.04.25-22.02.14:574][553]CompilerResultsLog: Info Performing 4 actions (4 in parallel)
[2018.04.25-22.02.14:574][553]CompilerResultsLog: Info Ball.generated.cpp
[2018.04.25-22.02.14:574][553]CompilerResultsLog: Info Projectile.cpp
[2018.04.25-22.02.14:574][553]CompilerResultsLog: Info [3/4] Link UE4Editor-Ball-9095.dll
[2018.04.25-22.02.14:574][553]CompilerResultsLog: Info [4/4] Link UE4Editor-Ball-9095.lib
[2018.04.25-22.02.14:574][553]CompilerResultsLog: Info    Creating library G:\Ball\Ball\Intermediate\Build\Win64\UE4Editor\Development\UE4Editor-Ball-9095.lib and object G:\Ball\Ball\Intermediate\Build\Win64\UE4Editor\Development\UE4Editor-Ball-9095.exp
[2018.04.25-22.02.14:575][553]CompilerResultsLog: Info    Creating library G:\Ball\Ball\Intermediate\Build\Win64\UE4Editor\Development\UE4Editor-Ball-9095.suppressed.lib and object G:\Ball\Ball\Intermediate\Build\Win64\UE4Editor\Development\UE4Editor-Ball-9095.suppressed.exp
[2018.04.25-22.02.14:575][553]CompilerResultsLog: Info Total build time: 244.96 seconds (Local executor: 208.59 seconds)
[2018.04.25-22.02.14:575][553]LogMainFrame: MainFrame: Module compiling took 256.687 seconds
[2018.04.25-22.02.15:123][553]LogClass: Could not find existing class Projectile in package /Script/Ball for HotReload, assuming new class
[2018.04.25-22.02.15:138][553]LogHotReload: Re-instancing Projectile after hot-reload.
[2018.04.25-22.02.15:508][553]LogContentBrowser: Native class hierarchy updated for 'Ball' in 0.0032 seconds. Added 8 classes and 2 folders.
[2018.04.25-22.02.15:510][553]Display: HotReload successful (0 functions remapped  0 scriptstructs remapped)
[2018.04.25-22.02.15:626][553]LogContentBrowser: Native class hierarchy populated in 0.0280 seconds. Added 2339 classes and 497 folders.
[2018.04.25-22.02.15:628][553]Display: HotReload took 257.8s.
[2018.04.25-22.02.18:084][669]LogTemp: Repeting last play command: New Editor Window (PIE)
[2018.04.25-22.02.18:201][669]LogBlueprintUserMessages: Early PlayInEditor Detection: Level '/Game/RollingCPP/Maps/Ball1Map.Ball1Map:PersistentLevel' has LevelScriptBlueprint '/Game/RollingCPP/Maps/Ball1Map.Ball1Map:PersistentLevel.Ball1Map' with GeneratedClass '/Game/RollingCPP/Maps/Ball1Map.Ball1Map_C' with ClassGeneratedBy '/Game/RollingCPP/Maps/Ball1Map.Ball1Map:PersistentLevel.Ball1Map'
[2018.04.25-22.02.18:201][669]LogPlayLevel: PlayLevel: No blueprints needed recompiling
[2018.04.25-22.02.18:201][669]PIE: New page: PIE session: Ball1Map (26 Apr 2018 00:02:18)
[2018.04.25-22.02.18:202][669]LogPlayLevel: Creating play world package: /Game/RollingCPP/Maps/UEDPIE_0_Ball1Map
[2018.04.25-22.02.18:235][669]LogPlayLevel: PIE: StaticDuplicateObject took: (0.033272s)
[2018.04.25-22.02.18:236][669]LogAIModule: Creating AISystem for world Ball1Map
[2018.04.25-22.02.18:237][669]LogPlayLevel: PIE: World Init took: (0.001730s)
[2018.04.25-22.02.18:237][669]LogPlayLevel: PIE: Created PIE world by copying editor world from /Game/RollingCPP/Maps/Ball1Map.Ball1Map to /Game/RollingCPP/Maps/UEDPIE_0_Ball1Map.Ball1Map (0.035386s)
[2018.04.25-22.02.18:300][669]LogInit: XAudio2 using 'Speakers (Realtek High Definition Audio)' : 6 channels at 48 kHz using 32 bits per sample (channel mask 0x3f)
[2018.04.25-22.02.18:489][669]LogInit: FAudioDevice initialized.
[2018.04.25-22.02.18:550][669]LogLoad: Game class is 'ballgamemode_C'
[2018.04.25-22.02.18:560][669]LogWorld: Bringing World /Game/RollingCPP/Maps/UEDPIE_0_Ball1Map.Ball1Map up for play (max tick rate 60) at 2018.04.25-23.02.18
[2018.04.25-22.02.18:560][669]LogWorld: Bringing up level for play took: 0.008308
[2018.04.25-22.02.18:568][669]PIE: Info Play in editor start time for /Game/RollingCPP/Maps/UEDPIE_0_Ball1Map 0.938
[2018.04.25-22.02.18:569][669]LogBlueprintUserMessages: Late PlayInEditor Detection: Level '/Game/RollingCPP/Maps/Ball1Map.Ball1Map:PersistentLevel' has LevelScriptBlueprint '/Game/RollingCPP/Maps/Ball1Map.Ball1Map:PersistentLevel.Ball1Map' with GeneratedClass '/Game/RollingCPP/Maps/Ball1Map.Ball1Map_C' with ClassGeneratedBy '/Game/RollingCPP/Maps/Ball1Map.Ball1Map:PersistentLevel.Ball1Map'
[2018.04.25-22.02.54:608][670]LogBlueprintUserMessages: Early EndPlayMap Detection: Level '/Game/RollingCPP/Maps/Ball1Map.Ball1Map:PersistentLevel' has LevelScriptBlueprint '/Game/RollingCPP/Maps/Ball1Map.Ball1Map:PersistentLevel.Ball1Map' with GeneratedClass '/Game/RollingCPP/Maps/Ball1Map.Ball1Map_C' with ClassGeneratedBy '/Game/RollingCPP/Maps/Ball1Map.Ball1Map:PersistentLevel.Ball1Map'
[2018.04.25-22.02.54:930][670]LogBlueprintUserMessages: Late EndPlayMap Detection: Level '/Game/RollingCPP/Maps/Ball1Map.Ball1Map:PersistentLevel' has LevelScriptBlueprint '/Game/RollingCPP/Maps/Ball1Map.Ball1Map:PersistentLevel.Ball1Map' with GeneratedClass '/Game/RollingCPP/Maps/Ball1Map.Ball1Map_C' with ClassGeneratedBy '/Game/RollingCPP/Maps/Ball1Map.Ball1Map:PersistentLevel.Ball1Map'
[2018.04.25-23.27.15:012][790]Candidate modules for hot reload:
[2018.04.25-23.27.15:012][790]  Ball
[2018.04.25-23.27.15:016][790]Launching UnrealBuildTool... [D:/Unreal/UE_4.16/Engine/Binaries/DotNET/UnrealBuildTool.exe Ball -ModuleWithSuffix Ball 38 Win64 Development -editorrecompile -canskiplink "G:/Ball/Ball/Ball.uproject" ]
[2018.04.25-23.27.22:684][790]Warning: Starting HotReload took  7.7s.
[2018.04.25-23.33.31:960][636]LogTemp: Repeting last play command: New Editor Window (PIE)
[2018.04.25-23.33.40:917][636]LogBlueprintUserMessages: Early PlayInEditor Detection: Level '/Game/RollingCPP/Maps/Ball1Map.Ball1Map:PersistentLevel' has LevelScriptBlueprint '/Game/RollingCPP/Maps/Ball1Map.Ball1Map:PersistentLevel.Ball1Map' with GeneratedClass '/Game/RollingCPP/Maps/Ball1Map.Ball1Map_C' with ClassGeneratedBy '/Game/RollingCPP/Maps/Ball1Map.Ball1Map:PersistentLevel.Ball1Map'
[2018.04.25-23.33.40:918][636]LogPlayLevel: PlayLevel: No blueprints needed recompiling
[2018.04.25-23.33.40:919][636]PIE: New page: PIE session: Ball1Map (26 Apr 2018 01:33:40)
[2018.04.25-23.33.40:922][636]LogPlayLevel: Creating play world package: /Game/RollingCPP/Maps/UEDPIE_0_Ball1Map
[2018.04.25-23.33.43:626][636]LogPlayLevel: PIE: StaticDuplicateObject took: (2.703025s)
[2018.04.25-23.33.43:634][636]LogAIModule: Creating AISystem for world Ball1Map
[2018.04.25-23.33.43:637][636]LogPlayLevel: PIE: World Init took: (0.011324s)
[2018.04.25-23.33.43:640][636]LogPlayLevel: PIE: Created PIE world by copying editor world from /Game/RollingCPP/Maps/Ball1Map.Ball1Map to /Game/RollingCPP/Maps/UEDPIE_0_Ball1Map.Ball1Map (2.718755s)
[2018.04.25-23.33.43:739][636]LogInit: XAudio2 using 'Speakers (Realtek High Definition Audio)' : 6 channels at 48 kHz using 32 bits per sample (channel mask 0x3f)
[2018.04.25-23.33.43:923][636]LogInit: FAudioDevice initialized.
[2018.04.25-23.33.44:001][636]LogLoad: Game class is 'ballgamemode_C'
[2018.04.25-23.33.44:016][636]LogWorld: Bringing World /Game/RollingCPP/Maps/UEDPIE_0_Ball1Map.Ball1Map up for play (max tick rate 60) at 2018.04.26-00.33.44
[2018.04.25-23.33.44:017][636]LogWorld: Bringing up level for play took: 0.013208
[2018.04.25-23.33.44:029][636]PIE: Info Play in editor start time for /Game/RollingCPP/Maps/UEDPIE_0_Ball1Map 2.4
[2018.04.25-23.33.45:828][636]LogBlueprintUserMessages: Late PlayInEditor Detection: Level '/Game/RollingCPP/Maps/Ball1Map.Ball1Map:PersistentLevel' has LevelScriptBlueprint '/Game/RollingCPP/Maps/Ball1Map.Ball1Map:PersistentLevel.Ball1Map' with GeneratedClass '/Game/RollingCPP/Maps/Ball1Map.Ball1Map_C' with ClassGeneratedBy '/Game/RollingCPP/Maps/Ball1Map.Ball1Map:PersistentLevel.Ball1Map'
[2018.04.25-23.34.45:615][203]LogNet: Browse: /Game/Maps/GameOverMap
[2018.04.25-23.34.45:615][203]LogLoad: LoadMap: /Game/Maps/GameOverMap
[2018.04.25-23.34.45:641][203]Cmd: MEM
[2018.04.25-23.34.45:658][203]LogMemory: Platform Memory Stats for Windows
[2018.04.25-23.34.45:658][203]LogMemory: Process Physical Memory: 389.69 MB used, 1294.89 MB peak
[2018.04.25-23.34.45:658][203]LogMemory: Process Virtual Memory: 2084.19 MB used, 2242.92 MB peak
[2018.04.25-23.34.45:658][203]LogMemory: Physical Memory: 11444.83 MB used,  4849.88 MB free, 16294.71 MB total
[2018.04.25-23.34.45:658][203]LogMemory: Virtual Memory: 3025.64 MB used,  4849.88 MB free, 134217728.00 MB total
[2018.04.25-23.34.45:658][203]LogMemory: 
[2018.04.25-23.34.45:658][203]Allocator Stats for TBB: (not implemented)
[2018.04.25-23.34.46:578][203]LogAIModule: Creating AISystem for world GameOverMap
[2018.04.25-23.34.46:579][203]LogLoad: Game class is 'GameMode'
[2018.04.25-23.34.46:583][203]LogWorld: Bringing World /Game/Maps/UEDPIE_0_GameOverMap.GameOverMap up for play (max tick rate 60) at 2018.04.26-00.34.46
[2018.04.25-23.34.46:584][203]LogWorld: Bringing up level for play took: 0.002979
[2018.04.25-23.34.46:585][203]LogGameMode:Display: Match State Changed from EnteringMap to WaitingToStart
[2018.04.25-23.34.46:585][203]LogGameState: Match State Changed from EnteringMap to WaitingToStart
[2018.04.25-23.34.46:585][203]LogGameMode:Display: Match State Changed from WaitingToStart to InProgress
[2018.04.25-23.34.46:726][203]LogGameState: Match State Changed from WaitingToStart to InProgress
[2018.04.25-23.34.46:726][203]LogLoad: Took 1.110771 seconds to LoadMap(/Game/Maps/GameOverMap)
[2018.04.25-23.34.49:141][337]LogBlueprintUserMessages: Early EndPlayMap Detection: Level '/Game/RollingCPP/Maps/Ball1Map.Ball1Map:PersistentLevel' has LevelScriptBlueprint '/Game/RollingCPP/Maps/Ball1Map.Ball1Map:PersistentLevel.Ball1Map' with GeneratedClass '/Game/RollingCPP/Maps/Ball1Map.Ball1Map_C' with ClassGeneratedBy '/Game/RollingCPP/Maps/Ball1Map.Ball1Map:PersistentLevel.Ball1Map'
[2018.04.25-23.34.49:519][337]LogBlueprintUserMessages: Late EndPlayMap Detection: Level '/Game/RollingCPP/Maps/Ball1Map.Ball1Map:PersistentLevel' has LevelScriptBlueprint '/Game/RollingCPP/Maps/Ball1Map.Ball1Map:PersistentLevel.Ball1Map' with GeneratedClass '/Game/RollingCPP/Maps/Ball1Map.Ball1Map_C' with ClassGeneratedBy '/Game/RollingCPP/Maps/Ball1Map.Ball1Map:PersistentLevel.Ball1Map'
[2018.04.25-23.36.55:383][958]LogEditorViewport: Clicking on Actor (LMB): Lava (Lava3)
[2018.04.26-00.09.12:285][950]LogEditorViewport: Clicking on Actor (LMB): StaticMeshActor (003)
[2018.04.26-00.09.16:016][  4]Cmd: OBJ SAVEPACKAGE PACKAGE="/Game/RollingCPP/Maps/Ball1Map" FILE="G:/Ball/Ball/Content/RollingCPP/Maps/Ball1Map.umap" SILENT=true AUTOSAVING=false KEEPDIRTY=false
